14-Dec-2025 13:19:14.849 INFO [main] org.apache.catalina.startup.VersionLoggerListener.log Server version name:   Apache Tomcat/9.0.113
14-Dec-2025 13:19:14.853 INFO [main] org.apache.catalina.startup.VersionLoggerListener.log Server built:          Dec 2 2025 19:51:24 UTC
14-Dec-2025 13:19:14.853 INFO [main] org.apache.catalina.startup.VersionLoggerListener.log Server version number: 9.0.113.0
14-Dec-2025 13:19:14.853 INFO [main] org.apache.catalina.startup.VersionLoggerListener.log OS Name:               Windows 11
14-Dec-2025 13:19:14.853 INFO [main] org.apache.catalina.startup.VersionLoggerListener.log OS Version:            10.0
14-Dec-2025 13:19:14.853 INFO [main] org.apache.catalina.startup.VersionLoggerListener.log Architecture:          amd64
14-Dec-2025 13:19:14.853 INFO [main] org.apache.catalina.startup.VersionLoggerListener.log Java Home:             C:\Program Files\Java\jdk-17
14-Dec-2025 13:19:14.853 INFO [main] org.apache.catalina.startup.VersionLoggerListener.log JVM Version:           17.0.10+11-LTS-240
14-Dec-2025 13:19:14.853 INFO [main] org.apache.catalina.startup.VersionLoggerListener.log JVM Vendor:            Oracle Corporation
14-Dec-2025 13:19:14.853 INFO [main] org.apache.catalina.startup.VersionLoggerListener.log CATALINA_BASE:         C:\tomcat\apache-tomcat-9.0.113\apache-tomcat-9.0.113
14-Dec-2025 13:19:14.853 INFO [main] org.apache.catalina.startup.VersionLoggerListener.log CATALINA_HOME:         C:\tomcat\apache-tomcat-9.0.113\apache-tomcat-9.0.113
14-Dec-2025 13:19:14.877 INFO [main] org.apache.catalina.startup.VersionLoggerListener.log Command line argument: --add-opens=java.base/java.lang=ALL-UNNAMED
14-Dec-2025 13:19:14.877 INFO [main] org.apache.catalina.startup.VersionLoggerListener.log Command line argument: --add-opens=java.base/java.lang.invoke=ALL-UNNAMED
14-Dec-2025 13:19:14.877 INFO [main] org.apache.catalina.startup.VersionLoggerListener.log Command line argument: --add-opens=java.base/java.lang.reflect=ALL-UNNAMED
14-Dec-2025 13:19:14.877 INFO [main] org.apache.catalina.startup.VersionLoggerListener.log Command line argument: --add-opens=java.base/java.io=ALL-UNNAMED
14-Dec-2025 13:19:14.877 INFO [main] org.apache.catalina.startup.VersionLoggerListener.log Command line argument: --add-opens=java.base/java.util=ALL-UNNAMED
14-Dec-2025 13:19:14.877 INFO [main] org.apache.catalina.startup.VersionLoggerListener.log Command line argument: --add-opens=java.base/java.util.concurrent=ALL-UNNAMED
14-Dec-2025 13:19:14.877 INFO [main] org.apache.catalina.startup.VersionLoggerListener.log Command line argument: --add-opens=java.rmi/sun.rmi.transport=ALL-UNNAMED
14-Dec-2025 13:19:14.877 INFO [main] org.apache.catalina.startup.VersionLoggerListener.log Command line argument: -Djava.util.logging.config.file=C:\tomcat\apache-tomcat-9.0.113\apache-tomcat-9.0.113\conf\logging.properties
14-Dec-2025 13:19:14.877 INFO [main] org.apache.catalina.startup.VersionLoggerListener.log Command line argument: -Djava.util.logging.manager=org.apache.juli.ClassLoaderLogManager
14-Dec-2025 13:19:14.877 INFO [main] org.apache.catalina.startup.VersionLoggerListener.log Command line argument: -Djdk.tls.ephemeralDHKeySize=2048
14-Dec-2025 13:19:14.877 INFO [main] org.apache.catalina.startup.VersionLoggerListener.log Command line argument: -Djava.protocol.handler.pkgs=org.apache.catalina.webresources
14-Dec-2025 13:19:14.877 INFO [main] org.apache.catalina.startup.VersionLoggerListener.log Command line argument: -Dsun.io.useCanonCaches=false
14-Dec-2025 13:19:14.877 INFO [main] org.apache.catalina.startup.VersionLoggerListener.log Command line argument: -Dignore.endorsed.dirs=
14-Dec-2025 13:19:14.877 INFO [main] org.apache.catalina.startup.VersionLoggerListener.log Command line argument: -Dcatalina.base=C:\tomcat\apache-tomcat-9.0.113\apache-tomcat-9.0.113
14-Dec-2025 13:19:14.877 INFO [main] org.apache.catalina.startup.VersionLoggerListener.log Command line argument: -Dcatalina.home=C:\tomcat\apache-tomcat-9.0.113\apache-tomcat-9.0.113
14-Dec-2025 13:19:14.877 INFO [main] org.apache.catalina.startup.VersionLoggerListener.log Command line argument: -Djava.io.tmpdir=C:\tomcat\apache-tomcat-9.0.113\apache-tomcat-9.0.113\temp
14-Dec-2025 13:19:14.881 INFO [main] org.apache.catalina.core.AprLifecycleListener.lifecycleEvent The Apache Tomcat Native library which allows using OpenSSL was not found on the java.library.path: [C:\Program Files\Java\jdk-17\bin;C:\WINDOWS\Sun\Java\bin;C:\WINDOWS\system32;C:\WINDOWS;C:\Program Files\Eclipse Adoptium\jdk-25.0.1.8-hotspot\bin;C:\Program Files\Common Files\Oracle\Java\javapath;C:\Program Files (x86)\Common Files\Oracle\Java\java8path;C:\Program Files (x86)\Common Files\Oracle\Java\javapath;C:\Program Files\Java\jdk-17\bin;C:\Program Files\Maven\apache-maven-3.9.6\bin;C:\Program Files (x86)\Embarcadero\Studio\22.0\bin;C:\Users\Public\Documents\Embarcadero\Studio\22.0\Bpl;C:\Program Files (x86)\Embarcadero\Studio\22.0\bin64;C:\Users\Public\Documents\Embarcadero\Studio\22.0\Bpl\Win64;C:\Windows\system32;C:\Windows;C:\Windows\System32\Wbem;C:\Windows\System32\WindowsPowerShell\v1.0\;C:\Windows\System32\OpenSSH\;C:\Program Files (x86)\NVIDIA Corporation\PhysX\Common;C:\WINDOWS\system32;C:\WINDOWS;C:\WINDOWS\System32\Wbem;C:\WINDOWS\System32\WindowsPowerShell\v1.0\;C:\WINDOWS\System32\OpenSSH\;C:\Program Files\Git\cmd;C:\Program Files (x86)\DevExpress\VCL\Library\RS28;C:\Program Files (x86)\DevExpress\VCL\Library\RS28\Win64;C:\Program Files\TortoiseGit\bin;C:\Program Files\dotnet\;C:\Program Files\Microsoft SQL Server\Client SDK\ODBC\170\Tools\Binn\;C:\Program Files (x86)\Microsoft SQL Server\160\DTS\Binn\;C:\Program Files\PostgreSQL\16\bin;C:\Program Files\NVIDIA Corporation\NVIDIA app\NvDLISR;C:\Program Files (x86)\Microsoft SQL Server\150\Tools\Binn\;C:\Program Files\Microsoft SQL Server\150\Tools\Binn\;C:\Program Files\Microsoft SQL Server\150\DTS\Binn\;C:\Program Files (x86)\Microsoft SQL Server\150\DTS\Binn\;C:\Program Files\PuTTY\;C:\Program Files\MATLAB\R2025a\bin;C:\Users\kacpe\AppData\Local\Programs\Python\Python313\Scripts\;C:\Users\kacpe\AppData\Local\Programs\Python\Python313\;C:\Users\kacpe\AppData\Local\Microsoft\WindowsApps;;C:\Users\kacpe\AppData\Local\Programs\Microsoft VS Code\bin;C:\Program Files\JetBrains\IntelliJ IDEA 2025.3\bin;C:\Users\kacpe\.dotnet\tools;.]
14-Dec-2025 13:19:15.121 INFO [main] org.apache.coyote.AbstractProtocol.init Initializing ProtocolHandler ["http-nio-8080"]
14-Dec-2025 13:19:15.146 INFO [main] org.apache.catalina.startup.Catalina.load Server initialization in [480] milliseconds
14-Dec-2025 13:19:15.181 INFO [main] org.apache.catalina.core.StandardService.startInternal Starting service [Catalina]
14-Dec-2025 13:19:15.181 INFO [main] org.apache.catalina.core.StandardEngine.startInternal Starting Servlet engine: [Apache Tomcat/9.0.113]
14-Dec-2025 13:19:15.200 INFO [main] org.apache.catalina.startup.HostConfig.deployDirectory Deploying web application directory [C:\tomcat\apache-tomcat-9.0.113\apache-tomcat-9.0.113\webapps\docs]
14-Dec-2025 13:19:15.481 INFO [main] org.apache.catalina.startup.HostConfig.deployDirectory Deployment of web application directory [C:\tomcat\apache-tomcat-9.0.113\apache-tomcat-9.0.113\webapps\docs] has finished in [281] ms
14-Dec-2025 13:19:15.481 INFO [main] org.apache.catalina.startup.HostConfig.deployDirectory Deploying web application directory [C:\tomcat\apache-tomcat-9.0.113\apache-tomcat-9.0.113\webapps\examples]
14-Dec-2025 13:19:15.817 INFO [main] org.apache.catalina.startup.HostConfig.deployDirectory Deployment of web application directory [C:\tomcat\apache-tomcat-9.0.113\apache-tomcat-9.0.113\webapps\examples] has finished in [336] ms
14-Dec-2025 13:19:15.817 INFO [main] org.apache.catalina.startup.HostConfig.deployDirectory Deploying web application directory [C:\tomcat\apache-tomcat-9.0.113\apache-tomcat-9.0.113\webapps\host-manager]
14-Dec-2025 13:19:15.849 INFO [main] org.apache.catalina.startup.HostConfig.deployDirectory Deployment of web application directory [C:\tomcat\apache-tomcat-9.0.113\apache-tomcat-9.0.113\webapps\host-manager] has finished in [32] ms
14-Dec-2025 13:19:15.849 INFO [main] org.apache.catalina.startup.HostConfig.deployDirectory Deploying web application directory [C:\tomcat\apache-tomcat-9.0.113\apache-tomcat-9.0.113\webapps\manager]
14-Dec-2025 13:19:15.881 INFO [main] org.apache.catalina.startup.HostConfig.deployDirectory Deployment of web application directory [C:\tomcat\apache-tomcat-9.0.113\apache-tomcat-9.0.113\webapps\manager] has finished in [16] ms
14-Dec-2025 13:19:15.881 INFO [main] org.apache.catalina.startup.HostConfig.deployDirectory Deploying web application directory [C:\tomcat\apache-tomcat-9.0.113\apache-tomcat-9.0.113\webapps\ROOT]
14-Dec-2025 13:19:15.902 INFO [main] org.apache.catalina.startup.HostConfig.deployDirectory Deployment of web application directory [C:\tomcat\apache-tomcat-9.0.113\apache-tomcat-9.0.113\webapps\ROOT] has finished in [21] ms
14-Dec-2025 13:19:15.906 INFO [main] org.apache.coyote.AbstractProtocol.start Starting ProtocolHandler ["http-nio-8080"]
14-Dec-2025 13:19:15.961 INFO [main] org.apache.catalina.startup.Catalina.start Server startup in [813] milliseconds
14-Dec-2025 13:26:34.351 WARNING [main] org.apache.catalina.core.StandardServer.await Invalid shutdown command [] received
14-Dec-2025 13:26:43.190 WARNING [main] org.apache.catalina.core.StandardServer.await Invalid shutdown command [] received
14-Dec-2025 13:26:59.117 INFO [main] org.apache.catalina.core.StandardServer.await A valid shutdown command was received via the shutdown port. Stopping the Server instance.
14-Dec-2025 13:26:59.118 INFO [main] org.apache.coyote.AbstractProtocol.pause Pausing ProtocolHandler ["http-nio-8080"]
14-Dec-2025 13:26:59.453 INFO [main] org.apache.catalina.core.StandardService.stopInternal Stopping service [Catalina]
14-Dec-2025 13:26:59.475 INFO [main] org.apache.coyote.AbstractProtocol.stop Stopping ProtocolHandler ["http-nio-8080"]
14-Dec-2025 13:27:00.079 WARNING [main] org.apache.tomcat.util.net.Acceptor.stopMillis The acceptor thread [http-nio-8080-Acceptor] did not stop cleanly
14-Dec-2025 13:27:00.081 INFO [main] org.apache.coyote.AbstractProtocol.destroy Destroying ProtocolHandler ["http-nio-8080"]
14-Dec-2025 16:51:45.419 INFO [main] org.apache.catalina.startup.VersionLoggerListener.log Server version name:   Apache Tomcat/9.0.113
14-Dec-2025 16:51:45.426 INFO [main] org.apache.catalina.startup.VersionLoggerListener.log Server built:          Dec 2 2025 19:51:24 UTC
14-Dec-2025 16:51:45.426 INFO [main] org.apache.catalina.startup.VersionLoggerListener.log Server version number: 9.0.113.0
14-Dec-2025 16:51:45.426 INFO [main] org.apache.catalina.startup.VersionLoggerListener.log OS Name:               Windows 11
14-Dec-2025 16:51:45.426 INFO [main] org.apache.catalina.startup.VersionLoggerListener.log OS Version:            10.0
14-Dec-2025 16:51:45.428 INFO [main] org.apache.catalina.startup.VersionLoggerListener.log Architecture:          amd64
14-Dec-2025 16:51:45.428 INFO [main] org.apache.catalina.startup.VersionLoggerListener.log Java Home:             C:\Program Files\Java\jdk-17
14-Dec-2025 16:51:45.428 INFO [main] org.apache.catalina.startup.VersionLoggerListener.log JVM Version:           17.0.10+11-LTS-240
14-Dec-2025 16:51:45.428 INFO [main] org.apache.catalina.startup.VersionLoggerListener.log JVM Vendor:            Oracle Corporation
14-Dec-2025 16:51:45.428 INFO [main] org.apache.catalina.startup.VersionLoggerListener.log CATALINA_BASE:         C:\tomcat\apache-tomcat-9.0.113\apache-tomcat-9.0.113
14-Dec-2025 16:51:45.428 INFO [main] org.apache.catalina.startup.VersionLoggerListener.log CATALINA_HOME:         C:\tomcat\apache-tomcat-9.0.113\apache-tomcat-9.0.113
14-Dec-2025 16:51:45.442 INFO [main] org.apache.catalina.startup.VersionLoggerListener.log Command line argument: --add-opens=java.base/java.lang=ALL-UNNAMED
14-Dec-2025 16:51:45.442 INFO [main] org.apache.catalina.startup.VersionLoggerListener.log Command line argument: --add-opens=java.base/java.lang.invoke=ALL-UNNAMED
14-Dec-2025 16:51:45.442 INFO [main] org.apache.catalina.startup.VersionLoggerListener.log Command line argument: --add-opens=java.base/java.lang.reflect=ALL-UNNAMED
14-Dec-2025 16:51:45.442 INFO [main] org.apache.catalina.startup.VersionLoggerListener.log Command line argument: --add-opens=java.base/java.io=ALL-UNNAMED
14-Dec-2025 16:51:45.444 INFO [main] org.apache.catalina.startup.VersionLoggerListener.log Command line argument: --add-opens=java.base/java.util=ALL-UNNAMED
14-Dec-2025 16:51:45.444 INFO [main] org.apache.catalina.startup.VersionLoggerListener.log Command line argument: --add-opens=java.base/java.util.concurrent=ALL-UNNAMED
14-Dec-2025 16:51:45.444 INFO [main] org.apache.catalina.startup.VersionLoggerListener.log Command line argument: --add-opens=java.rmi/sun.rmi.transport=ALL-UNNAMED
14-Dec-2025 16:51:45.445 INFO [main] org.apache.catalina.startup.VersionLoggerListener.log Command line argument: -Djava.util.logging.config.file=C:\tomcat\apache-tomcat-9.0.113\apache-tomcat-9.0.113\conf\logging.properties
14-Dec-2025 16:51:45.445 INFO [main] org.apache.catalina.startup.VersionLoggerListener.log Command line argument: -Djava.util.logging.manager=org.apache.juli.ClassLoaderLogManager
14-Dec-2025 16:51:45.445 INFO [main] org.apache.catalina.startup.VersionLoggerListener.log Command line argument: -Djdk.tls.ephemeralDHKeySize=2048
14-Dec-2025 16:51:45.445 INFO [main] org.apache.catalina.startup.VersionLoggerListener.log Command line argument: -Djava.protocol.handler.pkgs=org.apache.catalina.webresources
14-Dec-2025 16:51:45.445 INFO [main] org.apache.catalina.startup.VersionLoggerListener.log Command line argument: -Dsun.io.useCanonCaches=false
14-Dec-2025 16:51:45.445 INFO [main] org.apache.catalina.startup.VersionLoggerListener.log Command line argument: -Dignore.endorsed.dirs=
14-Dec-2025 16:51:45.445 INFO [main] org.apache.catalina.startup.VersionLoggerListener.log Command line argument: -Dcatalina.base=C:\tomcat\apache-tomcat-9.0.113\apache-tomcat-9.0.113
14-Dec-2025 16:51:45.446 INFO [main] org.apache.catalina.startup.VersionLoggerListener.log Command line argument: -Dcatalina.home=C:\tomcat\apache-tomcat-9.0.113\apache-tomcat-9.0.113
14-Dec-2025 16:51:45.446 INFO [main] org.apache.catalina.startup.VersionLoggerListener.log Command line argument: -Djava.io.tmpdir=C:\tomcat\apache-tomcat-9.0.113\apache-tomcat-9.0.113\temp
14-Dec-2025 16:51:45.465 INFO [main] org.apache.catalina.core.AprLifecycleListener.lifecycleEvent The Apache Tomcat Native library which allows using OpenSSL was not found on the java.library.path: [C:\Program Files\Java\jdk-17\bin;C:\WINDOWS\Sun\Java\bin;C:\WINDOWS\system32;C:\WINDOWS;C:\Program Files\Eclipse Adoptium\jdk-25.0.1.8-hotspot\bin;C:\Program Files\Common Files\Oracle\Java\javapath;C:\Program Files (x86)\Common Files\Oracle\Java\java8path;C:\Program Files (x86)\Common Files\Oracle\Java\javapath;C:\Program Files\Java\jdk-17\bin;C:\Program Files\Maven\apache-maven-3.9.6\bin;C:\Program Files (x86)\Embarcadero\Studio\22.0\bin;C:\Users\Public\Documents\Embarcadero\Studio\22.0\Bpl;C:\Program Files (x86)\Embarcadero\Studio\22.0\bin64;C:\Users\Public\Documents\Embarcadero\Studio\22.0\Bpl\Win64;C:\Windows\system32;C:\Windows;C:\Windows\System32\Wbem;C:\Windows\System32\WindowsPowerShell\v1.0\;C:\Windows\System32\OpenSSH\;C:\Program Files (x86)\NVIDIA Corporation\PhysX\Common;C:\WINDOWS\system32;C:\WINDOWS;C:\WINDOWS\System32\Wbem;C:\WINDOWS\System32\WindowsPowerShell\v1.0\;C:\WINDOWS\System32\OpenSSH\;C:\Program Files\Git\cmd;C:\Program Files (x86)\DevExpress\VCL\Library\RS28;C:\Program Files (x86)\DevExpress\VCL\Library\RS28\Win64;C:\Program Files\TortoiseGit\bin;C:\Program Files\dotnet\;C:\Program Files\Microsoft SQL Server\Client SDK\ODBC\170\Tools\Binn\;C:\Program Files (x86)\Microsoft SQL Server\160\DTS\Binn\;C:\Program Files\PostgreSQL\16\bin;C:\Program Files\NVIDIA Corporation\NVIDIA app\NvDLISR;C:\Program Files (x86)\Microsoft SQL Server\150\Tools\Binn\;C:\Program Files\Microsoft SQL Server\150\Tools\Binn\;C:\Program Files\Microsoft SQL Server\150\DTS\Binn\;C:\Program Files (x86)\Microsoft SQL Server\150\DTS\Binn\;C:\Program Files\PuTTY\;C:\Program Files\MATLAB\R2025a\bin;C:\Users\kacpe\AppData\Local\Programs\Python\Python313\Scripts\;C:\Users\kacpe\AppData\Local\Programs\Python\Python313\;C:\Users\kacpe\AppData\Local\Microsoft\WindowsApps;;C:\Users\kacpe\AppData\Local\Programs\Microsoft VS Code\bin;C:\Program Files\JetBrains\IntelliJ IDEA 2025.3\bin;C:\Users\kacpe\.dotnet\tools;.]
14-Dec-2025 16:51:45.772 INFO [main] org.apache.coyote.AbstractProtocol.init Initializing ProtocolHandler ["http-nio-8080"]
14-Dec-2025 16:51:45.806 INFO [main] org.apache.catalina.startup.Catalina.load Server initialization in [640] milliseconds
14-Dec-2025 16:51:45.857 INFO [main] org.apache.catalina.core.StandardService.startInternal Starting service [Catalina]
14-Dec-2025 16:51:45.857 INFO [main] org.apache.catalina.core.StandardEngine.startInternal Starting Servlet engine: [Apache Tomcat/9.0.113]
14-Dec-2025 16:51:45.878 INFO [main] org.apache.catalina.startup.HostConfig.deployDirectory Deploying web application directory [C:\tomcat\apache-tomcat-9.0.113\apache-tomcat-9.0.113\webapps\docs]
14-Dec-2025 16:51:46.340 INFO [main] org.apache.catalina.startup.HostConfig.deployDirectory Deployment of web application directory [C:\tomcat\apache-tomcat-9.0.113\apache-tomcat-9.0.113\webapps\docs] has finished in [462] ms
14-Dec-2025 16:51:46.340 INFO [main] org.apache.catalina.startup.HostConfig.deployDirectory Deploying web application directory [C:\tomcat\apache-tomcat-9.0.113\apache-tomcat-9.0.113\webapps\examples]
14-Dec-2025 16:51:47.125 INFO [main] org.apache.catalina.startup.HostConfig.deployDirectory Deployment of web application directory [C:\tomcat\apache-tomcat-9.0.113\apache-tomcat-9.0.113\webapps\examples] has finished in [785] ms
14-Dec-2025 16:51:47.125 INFO [main] org.apache.catalina.startup.HostConfig.deployDirectory Deploying web application directory [C:\tomcat\apache-tomcat-9.0.113\apache-tomcat-9.0.113\webapps\host-manager]
14-Dec-2025 16:51:47.200 INFO [main] org.apache.catalina.startup.HostConfig.deployDirectory Deployment of web application directory [C:\tomcat\apache-tomcat-9.0.113\apache-tomcat-9.0.113\webapps\host-manager] has finished in [75] ms
14-Dec-2025 16:51:47.200 INFO [main] org.apache.catalina.startup.HostConfig.deployDirectory Deploying web application directory [C:\tomcat\apache-tomcat-9.0.113\apache-tomcat-9.0.113\webapps\manager]
14-Dec-2025 16:51:47.238 INFO [main] org.apache.catalina.startup.HostConfig.deployDirectory Deployment of web application directory [C:\tomcat\apache-tomcat-9.0.113\apache-tomcat-9.0.113\webapps\manager] has finished in [38] ms
14-Dec-2025 16:51:47.238 INFO [main] org.apache.catalina.startup.HostConfig.deployDirectory Deploying web application directory [C:\tomcat\apache-tomcat-9.0.113\apache-tomcat-9.0.113\webapps\ROOT]
14-Dec-2025 16:51:47.290 INFO [main] org.apache.catalina.startup.HostConfig.deployDirectory Deployment of web application directory [C:\tomcat\apache-tomcat-9.0.113\apache-tomcat-9.0.113\webapps\ROOT] has finished in [50] ms
14-Dec-2025 16:51:47.304 INFO [main] org.apache.coyote.AbstractProtocol.start Starting ProtocolHandler ["http-nio-8080"]
14-Dec-2025 16:51:47.504 INFO [main] org.apache.catalina.startup.Catalina.start Server startup in [1697] milliseconds
14-Dec-2025 16:56:47.959 INFO [Catalina-utility-2] org.apache.catalina.users.MemoryUserDatabase.backgroundProcess Reloading memory user database [UserDatabase] from updated source [file:/C:/tomcat/apache-tomcat-9.0.113/apache-tomcat-9.0.113/conf/tomcat-users.xml]
