18-Jan-2026 00:35:14.227 INFO [main] org.apache.catalina.core.ApplicationContext.log ContextListener: contextInitialized()
18-Jan-2026 00:35:14.228 INFO [main] org.apache.catalina.core.ApplicationContext.log SessionListener: contextInitialized()
18-Jan-2026 00:35:14.229 INFO [main] org.apache.catalina.core.ApplicationContext.log ContextListener: attributeAdded('StockTicker', 'async.Stockticker@12192604')
18-Jan-2026 01:04:15.848 INFO [Thread-1] org.apache.catalina.core.ApplicationContext.log SessionListener: contextDestroyed()
18-Jan-2026 01:04:15.848 INFO [Thread-1] org.apache.catalina.core.ApplicationContext.log ContextListener: contextDestroyed()
18-Jan-2026 01:51:01.121 INFO [main] org.apache.catalina.core.ApplicationContext.log ContextListener: contextInitialized()
18-Jan-2026 01:51:01.121 INFO [main] org.apache.catalina.core.ApplicationContext.log SessionListener: contextInitialized()
18-Jan-2026 01:51:01.122 INFO [main] org.apache.catalina.core.ApplicationContext.log ContextListener: attributeAdded('StockTicker', 'async.Stockticker@2dc39b53')
18-Jan-2026 02:28:23.503 INFO [Thread-1] org.apache.catalina.core.ApplicationContext.log SessionListener: contextDestroyed()
18-Jan-2026 02:28:23.503 INFO [Thread-1] org.apache.catalina.core.ApplicationContext.log ContextListener: contextDestroyed()
18-Jan-2026 02:35:02.527 INFO [main] org.apache.catalina.core.ApplicationContext.log ContextListener: contextInitialized()
18-Jan-2026 02:35:02.528 INFO [main] org.apache.catalina.core.ApplicationContext.log SessionListener: contextInitialized()
18-Jan-2026 02:35:02.529 INFO [main] org.apache.catalina.core.ApplicationContext.log ContextListener: attributeAdded('StockTicker', 'async.Stockticker@2801827a')
18-Jan-2026 03:22:02.162 INFO [Thread-1] org.apache.catalina.core.ApplicationContext.log SessionListener: contextDestroyed()
18-Jan-2026 03:22:02.162 INFO [Thread-1] org.apache.catalina.core.ApplicationContext.log ContextListener: contextDestroyed()
18-Jan-2026 10:20:17.224 INFO [main] org.apache.catalina.core.ApplicationContext.log ContextListener: contextInitialized()
18-Jan-2026 10:20:17.224 INFO [main] org.apache.catalina.core.ApplicationContext.log SessionListener: contextInitialized()
18-Jan-2026 10:20:17.224 INFO [main] org.apache.catalina.core.ApplicationContext.log ContextListener: attributeAdded('StockTicker', 'async.Stockticker@2dc39b53')
18-Jan-2026 10:31:36.740 INFO [Thread-1] org.apache.catalina.core.ApplicationContext.log SessionListener: contextDestroyed()
18-Jan-2026 10:31:36.740 INFO [Thread-1] org.apache.catalina.core.ApplicationContext.log ContextListener: contextDestroyed()
18-Jan-2026 10:32:06.084 INFO [main] org.apache.catalina.core.ApplicationContext.log ContextListener: contextInitialized()
18-Jan-2026 10:32:06.085 INFO [main] org.apache.catalina.core.ApplicationContext.log SessionListener: contextInitialized()
18-Jan-2026 10:32:06.087 INFO [main] org.apache.catalina.core.ApplicationContext.log ContextListener: attributeAdded('StockTicker', 'async.Stockticker@5ec9eefa')
18-Jan-2026 10:43:08.066 INFO [Thread-1] org.apache.catalina.core.ApplicationContext.log SessionListener: contextDestroyed()
18-Jan-2026 10:43:08.066 INFO [Thread-1] org.apache.catalina.core.ApplicationContext.log ContextListener: contextDestroyed()
